[    2493ms] [ERROR] Failed to load resource: the server responded with a status of 404 () @ https://softledger.com/blog/construction-accounting-101-progress-billings:0
[    2940ms] [LOG] JQMIGRATE: Migrate is installed, version 3.4.1 @ https://softledger.com/wp-includes/js/jquery/jquery-migrate.min.js?ver=3.4.1:1
[    4607ms] [LOG] PROD Environment - Chat Widget Initialized @ https://d36ewmyb2wrx29.cloudfront.net/index.js:0
[    4618ms] [WARNING] Unrecognized origin: 'self'. @ https://d36ewmyb2wrx29.cloudfront.net/index.js:0
[    6395ms] [LOG] Debugging Google Consent Mode:
 @ https://cdn-cookieyes.com/client_data/107ba9a2c0bc42c8790bf2796259e22a/banner.js:0
[    6395ms] [LOG] 
	ad_storage:
		Default: denied
		Update: denied


	analytics_storage:
		Default: denied
		Update: denied


	ad_user_data:
		Default: denied
		Update: denied


	ad_personalization:
		Default: denied
		Update: denied


	functionality_storage:
		Default: denied
		Update: denied


	personalization_storage:
		Default: denied
		Update: denied


	security_storage:
		Default: granted
		Update: granted


	Consent mode states were set correctly. @ https://cdn-cookieyes.com/client_data/107ba9a2c0bc42c8790bf2796259e22a/banner.js:0
[   11329ms] Error: Minified React error #418; visit https://reactjs.org/docs/error-decoder.html?invariant=418 for the full message or use the non-minified dev environment for full errors and additional helpful warnings.
    at lg (https://www.skillyai.com/_next/static/chunks/framework-a71af9b1c76f668e.js:1:46435)
    at i (https://www.skillyai.com/_next/static/chunks/framework-a71af9b1c76f668e.js:1:121150)
    at oO (https://www.skillyai.com/_next/static/chunks/framework-a71af9b1c76f668e.js:1:99117)
    at https://www.skillyai.com/_next/static/chunks/framework-a71af9b1c76f668e.js:1:98984
    at oF (https://www.skillyai.com/_next/static/chunks/framework-a71af9b1c76f668e.js:1:98991)
    at oS (https://www.skillyai.com/_next/static/chunks/framework-a71af9b1c76f668e.js:1:94030)
    at x (https://www.skillyai.com/_next/static/chunks/framework-a71af9b1c76f668e.js:1:130496)
    at MessagePort.T (https://www.skillyai.com/_next/static/chunks/framework-a71af9b1c76f668e.js:1:131026)
[   11330ms] Error: Minified React error #423; visit https://reactjs.org/docs/error-decoder.html?invariant=423 for the full message or use the non-minified dev environment for full errors and additional helpful warnings.
    at i (https://www.skillyai.com/_next/static/chunks/framework-a71af9b1c76f668e.js:1:120819)
    at oO (https://www.skillyai.com/_next/static/chunks/framework-a71af9b1c76f668e.js:1:99117)
    at https://www.skillyai.com/_next/static/chunks/framework-a71af9b1c76f668e.js:1:98984
    at oF (https://www.skillyai.com/_next/static/chunks/framework-a71af9b1c76f668e.js:1:98991)
    at ox (https://www.skillyai.com/_next/static/chunks/framework-a71af9b1c76f668e.js:1:95743)
    at oS (https://www.skillyai.com/_next/static/chunks/framework-a71af9b1c76f668e.js:1:94298)
    at x (https://www.skillyai.com/_next/static/chunks/framework-a71af9b1c76f668e.js:1:130496)
    at MessagePort.T (https://www.skillyai.com/_next/static/chunks/framework-a71af9b1c76f668e.js:1:131026)
[   11934ms] [ERROR] [components] Finsweet Components - this Component is not available for production use. Please purchase a plan at https://my.finsweet.com/plans/create/components. {} @ https://cdn.jsdelivr.net/npm/@finsweet/fs-components@2/dist/chunk-JYJWMUBN.js:8
[   19980ms] [WARNING] The resource https://www.skillyai.com/images/hero-dots.png was preloaded using link preload but not used within a few seconds from the window's load event. Please make sure it has an appropriate `as` value and it is preloaded intentionally. @ https://www.skillyai.com/external-ai-chat/b221mrpxqx?fromIframeParentWidth=1280:0
[   19980ms] [WARNING] The resource https://www.skillyai.com/images/hero-bg.png was preloaded using link preload but not used within a few seconds from the window's load event. Please make sure it has an appropriate `as` value and it is preloaded intentionally. @ https://www.skillyai.com/external-ai-chat/b221mrpxqx?fromIframeParentWidth=1280:0
